$ next build
  ▲ Next.js 14.2.15

   Creating an optimized production build ...
 ✓ Compiled successfully
   Linting and checking validity of types ...
   Collecting page data ...
   Generating static pages (0/5) ...
   Generating static pages (1/5) 
   Generating static pages (2/5) 
   Generating static pages (3/5) 
 ✓ Generating static pages (5/5)
   Finalizing page optimization ...
   Collecting build traces ...

Route (app)                              Size     First Load JS
┌ ○ /                                    5.26 kB        92.3 kB
└ ○ /_not-found                          873 B          87.9 kB
+ First Load JS shared by all            87.1 kB
  ├ chunks/1dd3208c-bcac6dd520caca40.js  53.6 kB
  ├ chunks/528-30a98d3c329e0183.js       31.6 kB
  └ other shared chunks (total)          1.86 kB


○  (Static)  prerendered as static content

